<?xml version="1.0" encoding="UTF-8"?>
<!-- Generated by org.testng.reporters.JUnitReportReporter -->
<testsuite hostname="TYSS-Rakesh-B" failures="0" tests="4" name="org.automation.test_scripts.Register01Test" time="22.904" errors="0" timestamp="2024-04-30T12:35:39 IST" skipped="0">
  <testcase classname="org.automation.test_scripts.Register01Test" name="verify_User_Is_Able_To_Register" time="5.722"/>
  <system-out/>
  <testcase classname="org.automation.test_scripts.Register01Test" name="verify_User_Is_Able_To_Register" time="5.842"/>
  <system-out/>
  <testcase classname="org.automation.test_scripts.Register01Test" name="verify_User_Is_Able_To_Register" time="5.589"/>
  <system-out/>
  <testcase classname="org.automation.test_scripts.Register01Test" name="verify_User_Is_Able_To_Register" time="5.751"/>
  <system-out/>
</testsuite> <!-- org.automation.test_scripts.Register01Test -->
