<?xml version="1.0" encoding="UTF-8"?>
<!-- Generated by org.testng.reporters.JUnitReportReporter -->
<testsuite hostname="TYSS-Rakesh-B" failures="0" tests="1" name="org.automation.test_scripts.BooksTestCase01" time="3.365" errors="0" timestamp="2024-04-25T10:21:48 IST" skipped="0">
  <testcase classname="org.automation.test_scripts.BooksTestCase01" name="verify_Books_Page_Is_Displayed" time="3.365"/>
  <system-out/>
</testsuite> <!-- org.automation.test_scripts.BooksTestCase01 -->
