<?xml version="1.0" encoding="UTF-8"?>
<!-- Generated by org.testng.reporters.JUnitReportReporter -->
<testsuite hostname="TYSS-Rakesh-B" failures="0" tests="1" name="org.automation.test_scripts.Books02" time="5.423" errors="0" timestamp="2024-04-25T10:21:48 IST" skipped="0">
  <testcase classname="org.automation.test_scripts.Books02" name="verfy_Computing_And_Internet_Page_Is_Displayed" time="5.423"/>
  <system-out/>
</testsuite> <!-- org.automation.test_scripts.Books02 -->
