<?xml version="1.0" encoding="UTF-8"?>
<!-- Generated by org.testng.reporters.JUnitReportReporter -->
<testsuite hostname="TYSS-Rakesh-B" failures="0" tests="1" name="org.automation.test_scripts.DigitalDownloads01" time="13.760" errors="0" timestamp="2024-04-25T10:21:48 IST" skipped="0">
  <testcase classname="org.automation.test_scripts.DigitalDownloads01" name="verify_User_Is_Able_To_Add_Product_To_Cart" time="13.760"/>
  <system-out>
    <![CDATA[Digital downloads page is displayed
Shopping Cart page displayed
AddToCart Test Case Pass]]>
  </system-out>
</testsuite> <!-- org.automation.test_scripts.DigitalDownloads01 -->
