<?xml version="1.0" encoding="UTF-8"?>
<!-- Generated by org.testng.reporters.JUnitReportReporter -->
<testsuite hostname="TYSS-Rakesh-B" failures="0" tests="1" name="org.automation.test_scripts.Books01Test" time="3.712" errors="0" timestamp="2024-04-25T11:56:44 IST" skipped="0">
  <testcase classname="org.automation.test_scripts.Books01Test" name="verify_Books_Page_Is_Displayed" time="3.712"/>
  <system-out/>
</testsuite> <!-- org.automation.test_scripts.Books01Test -->
