<?xml version="1.0" encoding="UTF-8"?>
<!-- Generated by org.testng.reporters.JUnitReportReporter -->
<testsuite hostname="TYSS-Rakesh-B" failures="0" tests="1" name="org.automation.test_scripts.Books02Test" time="4.251" errors="0" timestamp="2024-04-30T12:35:39 IST" skipped="0">
  <testcase classname="org.automation.test_scripts.Books02Test" name="verfy_Computing_And_Internet_Page_Is_Displayed" time="4.251"/>
  <system-out/>
</testsuite> <!-- org.automation.test_scripts.Books02Test -->
