<?xml version="1.0" encoding="UTF-8"?>
<!-- Generated by org.testng.reporters.JUnitReportReporter -->
<testsuite hostname="TYSS-Rakesh-B" failures="0" tests="1" name="org.automation.test_scripts.Books03" time="5.915" errors="0" timestamp="2024-04-25T10:21:48 IST" skipped="0">
  <testcase classname="org.automation.test_scripts.Books03" name="verify_User_Is_Able_To_Add_Product_To_WishList" time="5.915"/>
  <system-out>
    <![CDATA[Books Page Displayed
Fiction Ex Product Page Displayed
Wish List Page Displayed
verify_User_Is_Able_To_Add_Product_To_WishList Test Case Pass..]]>
  </system-out>
</testsuite> <!-- org.automation.test_scripts.Books03 -->
