<?xml version="1.0" encoding="UTF-8"?>
<!-- Generated by org.testng.reporters.JUnitReportReporter -->
<testsuite hostname="TYSS-Rakesh-B" failures="0" tests="1" name="org.automation.test_scripts.DigitalDownloads01Test" time="12.572" errors="0" timestamp="2024-04-30T12:35:39 IST" skipped="0">
  <testcase classname="org.automation.test_scripts.DigitalDownloads01Test" name="verify_User_Is_Able_To_Add_Product_To_Cart" time="12.572"/>
  <system-out>
    <![CDATA[Digital downloads page is displayed
Shopping Cart page displayed
AddToCart Test Case Pass]]>
  </system-out>
</testsuite> <!-- org.automation.test_scripts.DigitalDownloads01Test -->
