<?xml version="1.0" encoding="UTF-8"?>
<!-- Generated by org.testng.reporters.JUnitReportReporter -->
<testsuite hostname="TYSS-Rakesh-B" failures="0" tests="4" name="org.automation.test_scripts.RegisterTestCase01" time="31.733" errors="0" timestamp="2024-04-25T10:21:48 IST" skipped="0">
  <testcase classname="org.automation.test_scripts.RegisterTestCase01" name="verify_User_Is_Able_To_Register" time="7.008"/>
  <system-out/>
  <testcase classname="org.automation.test_scripts.RegisterTestCase01" name="verify_User_Is_Able_To_Register" time="8.251"/>
  <system-out/>
  <testcase classname="org.automation.test_scripts.RegisterTestCase01" name="verify_User_Is_Able_To_Register" time="8.338"/>
  <system-out/>
  <testcase classname="org.automation.test_scripts.RegisterTestCase01" name="verify_User_Is_Able_To_Register" time="8.136"/>
  <system-out/>
</testsuite> <!-- org.automation.test_scripts.RegisterTestCase01 -->
